Using pre-set license
Built from '2020.3/staging' branch; Version is '2020.3.19f1 (68f137dc9bbe) revision 6877495'; Using compiler version '192528614'; Build Type 'Release'
OS: 'Windows 10 Pro; OS build 19041.985; Version 2004; 64bit' Language: 'ru' Physical Memory: 16330 MB
BatchMode: 1, IsHumanControllingUs: 0, StartBugReporterOnCrash: 0, Is64bit: 1, IsPro: 0

COMMAND LINE ARGUMENTS:
E:\games mark\Unity\2020.3.19f1\Editor\Unity.exe
-adb2
-batchMode
-noUpm
-name
AssetImportWorker0
-projectPath
E:/games mark/Unity Projects/My project (2)
-logFile
Logs/AssetImportWorker0.log
-srvPort
50872
Successfully changed project path to: E:/games mark/Unity Projects/My project (2)
E:/games mark/Unity Projects/My project (2)
Using Asset Import Pipeline V2.
Refreshing native plugins compatible for Editor in 36.94 ms, found 2 plugins.
Preloading 0 native plugins for Editor in 0.00 ms.
Initialize engine version: 2020.3.19f1 (68f137dc9bbe)
[Subsystems] Discovering subsystems at path E:/games mark/Unity/2020.3.19f1/Editor/Data/Resources/UnitySubsystems
[Subsystems] Discovering subsystems at path E:/games mark/Unity Projects/My project (2)/Assets
GfxDevice: creating device client; threaded=0
Direct3D:
    Version:  Direct3D 11.0 [level 11.1]
    Renderer: NVIDIA GeForce RTX 3060 (ID=0x2504)
    Vendor:   
    VRAM:     12129 MB
    Driver:   31.0.15.2849
Initialize mono
Mono path[0] = 'E:/games mark/Unity/2020.3.19f1/Editor/Data/Managed'
Mono path[1] = 'E:/games mark/Unity/2020.3.19f1/Editor/Data/MonoBleedingEdge/lib/mono/unityjit'
Mono config path = 'E:/games mark/Unity/2020.3.19f1/Editor/Data/MonoBleedingEdge/etc'
Using monoOptions --debugger-agent=transport=dt_socket,embedding=1,server=y,suspend=n,address=127.0.0.1:56496
Begin MonoManager ReloadAssembly
Registering precompiled unity dll's ...
Register platform support module: E:/games mark/Unity/2020.3.19f1/Editor/Data/PlaybackEngines/WindowsStandaloneSupport/UnityEditor.WindowsStandalone.Extensions.dll
Registered in 0.001494 seconds.
Native extension for WindowsStandalone target not found
Refreshing native plugins compatible for Editor in 34.47 ms, found 2 plugins.
Preloading 0 native plugins for Editor in 0.00 ms.
Mono: successfully reloaded assembly
- Completed reload, in  1.317 seconds
Domain Reload Profiling:
	ReloadAssembly (1317ms)
		BeginReloadAssembly (71ms)
			ExecutionOrderSort (0ms)
			DisableScriptedObjects (0ms)
			BackupInstance (0ms)
			ReleaseScriptingObjects (0ms)
			CreateAndSetChildDomain (1ms)
		EndReloadAssembly (509ms)
			LoadAssemblies (70ms)
			RebuildTransferFunctionScriptingTraits (0ms)
			SetupTypeCache (187ms)
			ReleaseScriptCaches (0ms)
			RebuildScriptCaches (36ms)
			SetupLoadedEditorAssemblies (197ms)
				LogAssemblyErrors (0ms)
				InitializePlatformSupportModulesInManaged (5ms)
				SetLoadedEditorAssemblies (0ms)
				RefreshPlugins (35ms)
				BeforeProcessingInitializeOnLoad (21ms)
				ProcessInitializeOnLoadAttributes (100ms)
				ProcessInitializeOnLoadMethodAttributes (37ms)
				AfterProcessingInitializeOnLoad (0ms)
				EditorAssembliesLoaded (0ms)
			ExecutionOrderSort2 (0ms)
			AwakeInstancesAfterBackupRestoration (0ms)
Platform modules already initialized, skipping
Registering precompiled user dll's ...
Registered in 0.002934 seconds.
Begin MonoManager ReloadAssembly
Native extension for WindowsStandalone target not found
Refreshing native plugins compatible for Editor in 0.36 ms, found 2 plugins.
Preloading 0 native plugins for Editor in 0.00 ms.
Mono: successfully reloaded assembly
- Completed reload, in  1.224 seconds
Domain Reload Profiling:
	ReloadAssembly (1225ms)
		BeginReloadAssembly (184ms)
			ExecutionOrderSort (0ms)
			DisableScriptedObjects (6ms)
			BackupInstance (0ms)
			ReleaseScriptingObjects (0ms)
			CreateAndSetChildDomain (22ms)
		EndReloadAssembly (967ms)
			LoadAssemblies (110ms)
			RebuildTransferFunctionScriptingTraits (0ms)
			SetupTypeCache (327ms)
			ReleaseScriptCaches (0ms)
			RebuildScriptCaches (49ms)
			SetupLoadedEditorAssemblies (367ms)
				LogAssemblyErrors (0ms)
				InitializePlatformSupportModulesInManaged (6ms)
				SetLoadedEditorAssemblies (1ms)
				RefreshPlugins (0ms)
				BeforeProcessingInitializeOnLoad (91ms)
				ProcessInitializeOnLoadAttributes (261ms)
				ProcessInitializeOnLoadMethodAttributes (6ms)
				AfterProcessingInitializeOnLoad (3ms)
				EditorAssembliesLoaded (0ms)
			ExecutionOrderSort2 (0ms)
			AwakeInstancesAfterBackupRestoration (10ms)
Platform modules already initialized, skipping
========================================================================
Worker process is ready to serve import requests
Launched and connected shader compiler UnityShaderCompiler.exe after 0.07 seconds
Refreshing native plugins compatible for Editor in 0.49 ms, found 2 plugins.
Preloading 0 native plugins for Editor in 0.00 ms.
Unloading 1397 Unused Serialized files (Serialized files now loaded: 0)
System memory in use before: 65.1 MB.
System memory in use after: 65.2 MB.

Unloading 16 unused Assets to reduce memory usage. Loaded Objects now: 1834.
Total: 3.373700 ms (FindLiveObjects: 0.194600 ms CreateObjectMapping: 0.050800 ms MarkObjects: 3.042300 ms  DeleteObjects: 0.084200 ms)

AssetImportParameters requested are different than current active one (requested -> active):
  custom:framework-win-MediaFoundation: 216162199b28c13a410421893ffa2e32 -> 
  custom:video-decoder-ogg-theora: a1e56fd34408186e4bbccfd4996cb3dc -> 
  custom:container-muxer-webm: aa71ff27fc2769a1b78a27578f13a17b -> 
  custom:container-demuxer-webm: 4f35f7cbe854078d1ac9338744f61a02 -> 
  custom:container-demuxer-ogg: 62fdf1f143b41e24485cea50d1cbac27 -> 
  custom:video-encoder-webm-vp8: eb34c28f22e8b96e1ab97ce403110664 -> 
  custom:video-codec-MediaFoundation-h265: 746d11721c4dcdbdad8f713fa42b33f4 -> 
  custom:video-decoder-webm-vp8: 9c59270c3fd7afecdb556c50c9e8de78 -> 
  custom:audio-decoder-ogg-vorbis: bf7c407c2cedff20999df2af8eb42d56 -> 
  custom:audio-encoder-webm-vorbis: bf7c407c2cedff20999df2af8eb42d56 -> 
========================================================================
Received Import Request.
  path: Assets/Prefabs/BoltM6Bit.prefab
  artifactKey: Guid(0c24714f8a1e6ae4cb08373ba73aaf5c) Importer(815301076,1909f56bfc062723c751e8b465ee728b)
Start importing Assets/Prefabs/BoltM6Bit.prefab using Guid(0c24714f8a1e6ae4cb08373ba73aaf5c) Importer(815301076,1909f56bfc062723c751e8b465ee728b)  -> (artifact id: '56b7ca3bee6733995e84897e3534eae5') in 0.422306 seconds 
  Import took 0.425058 seconds .

========================================================================
Received Import Request.
  Time since last request: 0.000355 seconds.
  path: Assets/Prefabs/tor.fbx
  artifactKey: Guid(30d26e7481c94444289f2c96346157af) Importer(815301076,1909f56bfc062723c751e8b465ee728b)
Start importing Assets/Prefabs/tor.fbx using Guid(30d26e7481c94444289f2c96346157af) Importer(815301076,1909f56bfc062723c751e8b465ee728b)  -> (artifact id: 'ff7e7e1d734158821e1001631ee79346') in 0.114139 seconds 
  Import took 0.116681 seconds .

========================================================================
Received Import Request.
  Time since last request: 0.000349 seconds.
  path: Assets/Prefabs/NutM6.prefab
  artifactKey: Guid(c8878a451f983b94098398467bca9e15) Importer(815301076,1909f56bfc062723c751e8b465ee728b)
Start importing Assets/Prefabs/NutM6.prefab using Guid(c8878a451f983b94098398467bca9e15) Importer(815301076,1909f56bfc062723c751e8b465ee728b)  -> (artifact id: 'af6a2ddc2256d3c0a420711fa0f15237') in 0.064734 seconds 
  Import took 0.067310 seconds .

========================================================================
Received Import Request.
  Time since last request: 12.737915 seconds.
  path: Assets/Prefabs/MEO.prefab
  artifactKey: Guid(e6fce18bf29506a4c9555b8550d4e24b) Importer(815301076,1909f56bfc062723c751e8b465ee728b)
Start importing Assets/Prefabs/MEO.prefab using Guid(e6fce18bf29506a4c9555b8550d4e24b) Importer(815301076,1909f56bfc062723c751e8b465ee728b)  -> (artifact id: 'b1ac7f9581792a695e78211dfdea0c74') in 0.035396 seconds 
  Import took 0.038624 seconds .

========================================================================
Received Import Request.
  Time since last request: 108.269912 seconds.
  path: Assets/Materials
  artifactKey: Guid(495a1d07fd74c2a4995f6a099b550160) Importer(815301076,1909f56bfc062723c751e8b465ee728b)
Start importing Assets/Materials using Guid(495a1d07fd74c2a4995f6a099b550160) Importer(815301076,1909f56bfc062723c751e8b465ee728b)  -> (artifact id: '7bcdd5099c9e4b41f4bd08e5ce619c32') in 0.002413 seconds 
  Import took 0.005266 seconds .

========================================================================
Received Import Request.
  Time since last request: 14.134588 seconds.
  path: Assets/Materials/Green.mat
  artifactKey: Guid(0b0a5a8acc8b2de4ca6753559f332cad) Importer(815301076,1909f56bfc062723c751e8b465ee728b)
Start importing Assets/Materials/Green.mat using Guid(0b0a5a8acc8b2de4ca6753559f332cad) Importer(815301076,1909f56bfc062723c751e8b465ee728b)  -> (artifact id: 'be0c4c90a8ee7f21d0c676ced6e91e21') in 0.036495 seconds 
  Import took 0.047785 seconds .

========================================================================
Received Import Request.
  Time since last request: 275.170735 seconds.
  path: Assets/Texture
  artifactKey: Guid(9820b4e0b2c0fb14e8c68596c5f7f2ef) Importer(815301076,1909f56bfc062723c751e8b465ee728b)
Start importing Assets/Texture using Guid(9820b4e0b2c0fb14e8c68596c5f7f2ef) Importer(815301076,1909f56bfc062723c751e8b465ee728b)  -> (artifact id: '2c67ee312b8054427150910bae4fc740') in 0.002783 seconds 
  Import took 0.005637 seconds .

========================================================================
Received Import Request.
  Time since last request: 7.847894 seconds.
  path: Assets/Texture/13579367123_b0bb7b9fad_k.jpg
  artifactKey: Guid(9298627748e8544419577480882e829f) Importer(815301076,1909f56bfc062723c751e8b465ee728b)
Start importing Assets/Texture/13579367123_b0bb7b9fad_k.jpg using Guid(9298627748e8544419577480882e829f) Importer(815301076,1909f56bfc062723c751e8b465ee728b)  -> (artifact id: 'e1a276940768191b1634c9bce47801dd') in 0.033749 seconds 
  Import took 0.036523 seconds .

========================================================================
Received Import Request.
  Time since last request: 14.566512 seconds.
  path: Packages/com.unity.collab-proxy/Editor/Collaborate/Assets/Icons/added-file-dark.png
  artifactKey: Guid(1a4f52b613391cd449af3ad2e44affeb) Importer(815301076,1909f56bfc062723c751e8b465ee728b)
Start importing Packages/com.unity.collab-proxy/Editor/Collaborate/Assets/Icons/added-file-dark.png using Guid(1a4f52b613391cd449af3ad2e44affeb) Importer(815301076,1909f56bfc062723c751e8b465ee728b)  -> (artifact id: 'b6c50c6b02d9b73c5e2e4a85549794a4') in 0.056016 seconds 
  Import took 0.058733 seconds .

========================================================================
Received Import Request.
  Time since last request: 0.000356 seconds.
  path: Packages/com.unity.collab-proxy/Editor/Collaborate/Assets/Icons/back-dark.png
  artifactKey: Guid(8e3ec2dfd58b79842aa78376678a9a05) Importer(815301076,1909f56bfc062723c751e8b465ee728b)
Start importing Packages/com.unity.collab-proxy/Editor/Collaborate/Assets/Icons/back-dark.png using Guid(8e3ec2dfd58b79842aa78376678a9a05) Importer(815301076,1909f56bfc062723c751e8b465ee728b)  -> (artifact id: '6418a2c11981f0acf802666f81ff2714') in 0.019488 seconds 
  Import took 0.022073 seconds .

========================================================================
Received Import Request.
  Time since last request: 0.000290 seconds.
  path: Packages/com.unity.collab-proxy/Editor/Collaborate/Assets/Icons/back-dark@2x.png
  artifactKey: Guid(9c6313a5316f8a34b852bf94ff96e3ab) Importer(815301076,1909f56bfc062723c751e8b465ee728b)
Start importing Packages/com.unity.collab-proxy/Editor/Collaborate/Assets/Icons/back-dark@2x.png using Guid(9c6313a5316f8a34b852bf94ff96e3ab) Importer(815301076,1909f56bfc062723c751e8b465ee728b)  -> (artifact id: '626b8d703df2186d7c867ee863820d3e') in 0.036146 seconds 
  Import took 0.038850 seconds .

========================================================================
Received Import Request.
  Time since last request: 0.000288 seconds.
  path: Packages/com.unity.collab-proxy/Editor/Collaborate/Assets/Icons/added-file-dark@2x.png
  artifactKey: Guid(c223e0c507e2c6549a2cb97441b62cbe) Importer(815301076,1909f56bfc062723c751e8b465ee728b)
Start importing Packages/com.unity.collab-proxy/Editor/Collaborate/Assets/Icons/added-file-dark@2x.png using Guid(c223e0c507e2c6549a2cb97441b62cbe) Importer(815301076,1909f56bfc062723c751e8b465ee728b)  -> (artifact id: 'f9424499d8ed03e8df785259fedae1b3') in 0.046432 seconds 
  Import took 0.049198 seconds .

========================================================================
Received Import Request.
  Time since last request: 0.000332 seconds.
  path: Packages/com.unity.collab-proxy/Editor/Collaborate/Assets/Icons/added-file-light@2x.png
  artifactKey: Guid(ec2e3aa6d0ab8ce4eac29b56d65d61d5) Importer(815301076,1909f56bfc062723c751e8b465ee728b)
Start importing Packages/com.unity.collab-proxy/Editor/Collaborate/Assets/Icons/added-file-light@2x.png using Guid(ec2e3aa6d0ab8ce4eac29b56d65d61d5) Importer(815301076,1909f56bfc062723c751e8b465ee728b)  -> (artifact id: 'a4de0a7a5e4ce4511bc09095573cae8b') in 0.030469 seconds 
  Import took 0.032873 seconds .

========================================================================
Received Import Request.
  Time since last request: 0.000316 seconds.
  path: Packages/com.unity.collab-proxy/Editor/Collaborate/Assets/Icons/back-light.png
  artifactKey: Guid(e676ab7aa99535447a763c9f88bf9260) Importer(815301076,1909f56bfc062723c751e8b465ee728b)
Start importing Packages/com.unity.collab-proxy/Editor/Collaborate/Assets/Icons/back-light.png using Guid(e676ab7aa99535447a763c9f88bf9260) Importer(815301076,1909f56bfc062723c751e8b465ee728b)  -> (artifact id: '31b0a8c754a76bc310ba5fbde663e255') in 0.016493 seconds 
  Import took 0.019321 seconds .

========================================================================
Received Import Request.
  Time since last request: 0.000297 seconds.
  path: Packages/com.unity.collab-proxy/Editor/Collaborate/Assets/Icons/added-file-light.png
  artifactKey: Guid(397fff6c3885f8343bb65714f0064b5d) Importer(815301076,1909f56bfc062723c751e8b465ee728b)
Start importing Packages/com.unity.collab-proxy/Editor/Collaborate/Assets/Icons/added-file-light.png using Guid(397fff6c3885f8343bb65714f0064b5d) Importer(815301076,1909f56bfc062723c751e8b465ee728b)  -> (artifact id: 'c673a4f73ecb39b34c0c364ab5d41a87') in 0.013938 seconds 
  Import took 0.016524 seconds .

========================================================================
Received Import Request.
  Time since last request: 182.853204 seconds.
  path: Assets/Materials/Black.mat
  artifactKey: Guid(a29c6dee3576c604d81e84c3875d2821) Importer(815301076,1909f56bfc062723c751e8b465ee728b)
Start importing Assets/Materials/Black.mat using Guid(a29c6dee3576c604d81e84c3875d2821) Importer(815301076,1909f56bfc062723c751e8b465ee728b)  -> (artifact id: 'ac04dad31ad1d7eb62b18bb57c3afd69') in 0.011952 seconds 
  Import took 0.014959 seconds .

========================================================================
Received Import Request.
  Time since last request: 28.909893 seconds.
  path: Assets/Materials/Black.mat
  artifactKey: Guid(a29c6dee3576c604d81e84c3875d2821) Importer(815301076,1909f56bfc062723c751e8b465ee728b)
Start importing Assets/Materials/Black.mat using Guid(a29c6dee3576c604d81e84c3875d2821) Importer(815301076,1909f56bfc062723c751e8b465ee728b)  -> (artifact id: '43bd26c4e07e3d42d1d1dc17baabdf96') in 0.008440 seconds 
  Import took 0.011261 seconds .

========================================================================
Received Import Request.
  Time since last request: 0.000337 seconds.
  path: Assets/Materials/Green.mat
  artifactKey: Guid(0b0a5a8acc8b2de4ca6753559f332cad) Importer(815301076,1909f56bfc062723c751e8b465ee728b)
Start importing Assets/Materials/Green.mat using Guid(0b0a5a8acc8b2de4ca6753559f332cad) Importer(815301076,1909f56bfc062723c751e8b465ee728b)  -> (artifact id: '847e292b6dab8acd65d2805a2025778b') in 0.026215 seconds 
  Import took 0.051556 seconds .

========================================================================
Received Import Request.
  Time since last request: 69.980591 seconds.
  path: Assets/Materials/Yellow.mat
  artifactKey: Guid(ecd6e1cb75c486a458828d6f27f72639) Importer(815301076,1909f56bfc062723c751e8b465ee728b)
Start importing Assets/Materials/Yellow.mat using Guid(ecd6e1cb75c486a458828d6f27f72639) Importer(815301076,1909f56bfc062723c751e8b465ee728b)  -> (artifact id: '7c99c4427fdb0f0f9cc3f5b76217aeef') in 0.009036 seconds 
  Import took 0.011805 seconds .

========================================================================
Received Import Request.
  Time since last request: 40.994020 seconds.
  path: Assets/Materials/Gray.mat
  artifactKey: Guid(0b78a7e60643a184593d42d7ad1f7618) Importer(815301076,1909f56bfc062723c751e8b465ee728b)
Start importing Assets/Materials/Gray.mat using Guid(0b78a7e60643a184593d42d7ad1f7618) Importer(815301076,1909f56bfc062723c751e8b465ee728b)  -> (artifact id: '87a90e1ba947049f399bcefd80272613') in 0.008879 seconds 
  Import took 0.011687 seconds .

========================================================================
Received Import Request.
  Time since last request: 29.966537 seconds.
  path: Assets/Materials/Gray.mat
  artifactKey: Guid(0b78a7e60643a184593d42d7ad1f7618) Importer(815301076,1909f56bfc062723c751e8b465ee728b)
Start importing Assets/Materials/Gray.mat using Guid(0b78a7e60643a184593d42d7ad1f7618) Importer(815301076,1909f56bfc062723c751e8b465ee728b)  -> (artifact id: '9e50654f33bb8f6b55e8c22aee417393') in 0.009082 seconds 
  Import took 0.024300 seconds .

========================================================================
Received Import Request.
  Time since last request: 0.000366 seconds.
  path: Assets/Materials/Yellow.mat
  artifactKey: Guid(ecd6e1cb75c486a458828d6f27f72639) Importer(815301076,1909f56bfc062723c751e8b465ee728b)
Start importing Assets/Materials/Yellow.mat using Guid(ecd6e1cb75c486a458828d6f27f72639) Importer(815301076,1909f56bfc062723c751e8b465ee728b)  -> (artifact id: '717428f2b89edafe029199369e92739d') in 0.021445 seconds 
  Import took 0.034477 seconds .

AssetImportWorkerClient::OnTransportError - code=2 error=End of file
