Using pre-set license
Built from '2020.3/staging' branch; Version is '2020.3.19f1 (68f137dc9bbe) revision 6877495'; Using compiler version '192528614'; Build Type 'Release'
OS: 'Windows 10 Pro; OS build 19041.985; Version 2004; 64bit' Language: 'ru' Physical Memory: 16330 MB
BatchMode: 1, IsHumanControllingUs: 0, StartBugReporterOnCrash: 0, Is64bit: 1, IsPro: 0

COMMAND LINE ARGUMENTS:
E:\games mark\Unity\2020.3.19f1\Editor\Unity.exe
-adb2
-batchMode
-noUpm
-name
AssetImportWorker1
-projectPath
E:/games mark/Unity Projects/My project (2)
-logFile
Logs/AssetImportWorker1.log
-srvPort
56037
Successfully changed project path to: E:/games mark/Unity Projects/My project (2)
E:/games mark/Unity Projects/My project (2)
Using Asset Import Pipeline V2.
Refreshing native plugins compatible for Editor in 35.81 ms, found 2 plugins.
Preloading 0 native plugins for Editor in 0.00 ms.
Initialize engine version: 2020.3.19f1 (68f137dc9bbe)
[Subsystems] Discovering subsystems at path E:/games mark/Unity/2020.3.19f1/Editor/Data/Resources/UnitySubsystems
[Subsystems] Discovering subsystems at path E:/games mark/Unity Projects/My project (2)/Assets
GfxDevice: creating device client; threaded=0
Direct3D:
    Version:  Direct3D 11.0 [level 11.1]
    Renderer: NVIDIA GeForce RTX 3060 (ID=0x2504)
    Vendor:   
    VRAM:     12129 MB
    Driver:   31.0.15.2849
Initialize mono
Mono path[0] = 'E:/games mark/Unity/2020.3.19f1/Editor/Data/Managed'
Mono path[1] = 'E:/games mark/Unity/2020.3.19f1/Editor/Data/MonoBleedingEdge/lib/mono/unityjit'
Mono config path = 'E:/games mark/Unity/2020.3.19f1/Editor/Data/MonoBleedingEdge/etc'
Using monoOptions --debugger-agent=transport=dt_socket,embedding=1,server=y,suspend=n,address=127.0.0.1:56324
Begin MonoManager ReloadAssembly
Registering precompiled unity dll's ...
Register platform support module: E:/games mark/Unity/2020.3.19f1/Editor/Data/PlaybackEngines/WindowsStandaloneSupport/UnityEditor.WindowsStandalone.Extensions.dll
Registered in 0.012045 seconds.
Native extension for WindowsStandalone target not found
Refreshing native plugins compatible for Editor in 36.41 ms, found 2 plugins.
Preloading 0 native plugins for Editor in 0.00 ms.
Mono: successfully reloaded assembly
- Completed reload, in  1.448 seconds
Domain Reload Profiling:
	ReloadAssembly (1448ms)
		BeginReloadAssembly (75ms)
			ExecutionOrderSort (0ms)
			DisableScriptedObjects (0ms)
			BackupInstance (0ms)
			ReleaseScriptingObjects (0ms)
			CreateAndSetChildDomain (1ms)
		EndReloadAssembly (554ms)
			LoadAssemblies (74ms)
			RebuildTransferFunctionScriptingTraits (0ms)
			SetupTypeCache (205ms)
			ReleaseScriptCaches (0ms)
			RebuildScriptCaches (37ms)
			SetupLoadedEditorAssemblies (217ms)
				LogAssemblyErrors (0ms)
				InitializePlatformSupportModulesInManaged (5ms)
				SetLoadedEditorAssemblies (0ms)
				RefreshPlugins (37ms)
				BeforeProcessingInitializeOnLoad (24ms)
				ProcessInitializeOnLoadAttributes (101ms)
				ProcessInitializeOnLoadMethodAttributes (50ms)
				AfterProcessingInitializeOnLoad (0ms)
				EditorAssembliesLoaded (0ms)
			ExecutionOrderSort2 (0ms)
			AwakeInstancesAfterBackupRestoration (0ms)
Platform modules already initialized, skipping
Registering precompiled user dll's ...
Registered in 0.071631 seconds.
Begin MonoManager ReloadAssembly
Native extension for WindowsStandalone target not found
Refreshing native plugins compatible for Editor in 0.39 ms, found 2 plugins.
Preloading 0 native plugins for Editor in 0.00 ms.
Mono: successfully reloaded assembly
- Completed reload, in  2.029 seconds
Domain Reload Profiling:
	ReloadAssembly (2030ms)
		BeginReloadAssembly (188ms)
			ExecutionOrderSort (0ms)
			DisableScriptedObjects (6ms)
			BackupInstance (0ms)
			ReleaseScriptingObjects (0ms)
			CreateAndSetChildDomain (22ms)
		EndReloadAssembly (1769ms)
			LoadAssemblies (818ms)
			RebuildTransferFunctionScriptingTraits (0ms)
			SetupTypeCache (334ms)
			ReleaseScriptCaches (0ms)
			RebuildScriptCaches (50ms)
			SetupLoadedEditorAssemblies (438ms)
				LogAssemblyErrors (0ms)
				InitializePlatformSupportModulesInManaged (8ms)
				SetLoadedEditorAssemblies (1ms)
				RefreshPlugins (0ms)
				BeforeProcessingInitializeOnLoad (92ms)
				ProcessInitializeOnLoadAttributes (322ms)
				ProcessInitializeOnLoadMethodAttributes (9ms)
				AfterProcessingInitializeOnLoad (5ms)
				EditorAssembliesLoaded (0ms)
			ExecutionOrderSort2 (0ms)
			AwakeInstancesAfterBackupRestoration (18ms)
Platform modules already initialized, skipping
========================================================================
Worker process is ready to serve import requests
Launched and connected shader compiler UnityShaderCompiler.exe after 2.95 seconds
Refreshing native plugins compatible for Editor in 0.62 ms, found 2 plugins.
Preloading 0 native plugins for Editor in 0.00 ms.
Unloading 1397 Unused Serialized files (Serialized files now loaded: 0)
System memory in use before: 64.9 MB.
System memory in use after: 64.9 MB.

Unloading 16 unused Assets to reduce memory usage. Loaded Objects now: 1832.
Total: 21.384800 ms (FindLiveObjects: 0.437100 ms CreateObjectMapping: 0.071100 ms MarkObjects: 20.697500 ms  DeleteObjects: 0.176300 ms)

AssetImportParameters requested are different than current active one (requested -> active):
  custom:framework-win-MediaFoundation: 216162199b28c13a410421893ffa2e32 -> 
  custom:video-decoder-ogg-theora: a1e56fd34408186e4bbccfd4996cb3dc -> 
  custom:container-muxer-webm: aa71ff27fc2769a1b78a27578f13a17b -> 
  custom:container-demuxer-webm: 4f35f7cbe854078d1ac9338744f61a02 -> 
  custom:container-demuxer-ogg: 62fdf1f143b41e24485cea50d1cbac27 -> 
  custom:video-encoder-webm-vp8: eb34c28f22e8b96e1ab97ce403110664 -> 
  custom:video-codec-MediaFoundation-h265: 746d11721c4dcdbdad8f713fa42b33f4 -> 
  custom:video-decoder-webm-vp8: 9c59270c3fd7afecdb556c50c9e8de78 -> 
  custom:audio-decoder-ogg-vorbis: bf7c407c2cedff20999df2af8eb42d56 -> 
  custom:audio-encoder-webm-vorbis: bf7c407c2cedff20999df2af8eb42d56 -> 
========================================================================
Received Import Request.
  path: Assets/tor2.fbx
  artifactKey: Guid(a557d04b32758074691fe16295970fae) Importer(815301076,1909f56bfc062723c751e8b465ee728b)
Start importing Assets/tor2.fbx using Guid(a557d04b32758074691fe16295970fae) Importer(815301076,1909f56bfc062723c751e8b465ee728b)  -> (artifact id: '5ddc65c355eeb5dee6271c934586f508') in 0.823729 seconds 
  Import took 0.875767 seconds .

========================================================================
Received Import Request.
  Time since last request: 177.825370 seconds.
  path: Assets/МЭОФ-100,250.stp
  artifactKey: Guid(bb235699ba949f748bd775fc6f6f6da2) Importer(815301076,1909f56bfc062723c751e8b465ee728b)
Start importing Assets/МЭОФ-100,250.stp using Guid(bb235699ba949f748bd775fc6f6f6da2) Importer(815301076,1909f56bfc062723c751e8b465ee728b)  -> (artifact id: 'dd2c2ee9e487490671150fa46125f96c') in 0.010087 seconds 
  Import took 0.025851 seconds .

========================================================================
Received Import Request.
  Time since last request: 1185.229540 seconds.
  path: Assets/conus.fbx
  artifactKey: Guid(5e3fab38a7b96ee4da9464e7a310c3a2) Importer(815301076,1909f56bfc062723c751e8b465ee728b)
Start importing Assets/conus.fbx using Guid(5e3fab38a7b96ee4da9464e7a310c3a2) Importer(815301076,1909f56bfc062723c751e8b465ee728b)  -> (artifact id: '680f59acae87c431633c6863438247dc') in 0.021310 seconds 
  Import took 0.073208 seconds .

========================================================================
Received Import Request.
  Time since last request: 845.420575 seconds.
  path: Assets
  artifactKey: Guid(00000000000000001000000000000000) Importer(815301076,1909f56bfc062723c751e8b465ee728b)
Start importing Assets using Guid(00000000000000001000000000000000) Importer(815301076,1909f56bfc062723c751e8b465ee728b)  -> (artifact id: '42d402b061de3733987d63b9cc3b64de') in 0.002648 seconds 
  Import took 0.022689 seconds .

========================================================================
Received Import Request.
  Time since last request: 20.725769 seconds.
  path: Assets/Prefabs
  artifactKey: Guid(0cf2c44b560f2484da40f6bdc7cb96f4) Importer(815301076,1909f56bfc062723c751e8b465ee728b)
Start importing Assets/Prefabs using Guid(0cf2c44b560f2484da40f6bdc7cb96f4) Importer(815301076,1909f56bfc062723c751e8b465ee728b)  -> (artifact id: '656805a5080769fbb1fd6750c05f5847') in 0.021023 seconds 
  Import took 0.046442 seconds .

========================================================================
Received Import Request.
  Time since last request: 1641.204330 seconds.
  path: Assets/Boltset/Prefabs
  artifactKey: Guid(220b132a073aebb43bbeabfaf4bdc38a) Importer(815301076,1909f56bfc062723c751e8b465ee728b)
Start importing Assets/Boltset/Prefabs using Guid(220b132a073aebb43bbeabfaf4bdc38a) Importer(815301076,1909f56bfc062723c751e8b465ee728b)  -> (artifact id: 'ffa0e520bd77e1a5ead5597706c1be66') in 0.002582 seconds 
  Import took 0.021069 seconds .

========================================================================
Received Import Request.
  Time since last request: 20.328621 seconds.
  path: Assets/Prefabs/BoltM6.prefab
  artifactKey: Guid(e415ce8b079c6474e9322f800256364c) Importer(815301076,1909f56bfc062723c751e8b465ee728b)
Start importing Assets/Prefabs/BoltM6.prefab using Guid(e415ce8b079c6474e9322f800256364c) Importer(815301076,1909f56bfc062723c751e8b465ee728b)  -> (artifact id: '87a0c9e27fc0e3a721a0b407fd246f9d') in 0.080337 seconds 
  Import took 0.128575 seconds .

AssetImportWorkerClient::OnTransportError - code=2 error=End of file
